Arguments: 
  D:\node\node.exe D:\yarn\bin\yarn.js

PATH: 
  C:\Windows\system32;C:\Windows;C:\Windows\System32\Wbem;C:\Windows\System32\WindowsPowerShell\v1.0\;C:\Windows\System32\OpenSSH\;D:\node\;D:\yarn\bin\;C:\Users\and_b\AppData\Local\Microsoft\WindowsApps;C:\Users\and_b\AppData\Roaming\npm;D:\vscode\Microsoft VS Code\bin;C:\Users\and_b\AppData\Local\Yarn\bin;C:\Program Files (x86)\MySQL\MySQL Server 5.6\bin;

Yarn version: 
  1.22.4

Node version: 
  12.18.0

Platform: 
  win32 x64

Trace: 
  SyntaxError: C:\Workspace\system-pedido\package.json: Unexpected token } in JSON at position 146
      at JSON.parse (<anonymous>)
      at D:\yarn\lib\cli.js:1625:59
      at Generator.next (<anonymous>)
      at step (D:\yarn\lib\cli.js:310:30)
      at D:\yarn\lib\cli.js:321:13

npm manifest: 
  {
    "name": "system-pedido",
    "version": "1.0.0",
    "main": "index.js",
    "license": "MIT",
    "scripts": {
      "dev": "nodemon src/server.js",
    },
    "devDependencies": {
      "nodemon": "^2.0.2"
    }
  }

yarn manifest: 
  No manifest

Lockfile: 
  No lockfile
